<?xml version="1.0" encoding="UTF-8"?>
<testsuite name="SILab2Test" tests="2" skipped="0" failures="0" errors="0" timestamp="2022-06-03T11:20:30" hostname="LAPTOP-2IVEOCG0" time="0.047">
  <properties/>
  <testcase name="TestEveryStatement()" classname="SILab2Test" time="0.043"/>
  <testcase name="TestEveryBranch()" classname="SILab2Test" time="0.003"/>
  <system-out><![CDATA[]]></system-out>
  <system-err><![CDATA[]]></system-err>
</testsuite>
